<?xml version="1.0" encoding="UTF-8"?>
<testng-results skipped="0" failed="0" total="1" passed="1">
  <reporter-output>
  </reporter-output>
  <suite name="Default suite" duration-ms="12934" started-at="2015-08-22T21:38:12Z" finished-at="2015-08-22T21:38:25Z">
    <groups>
    </groups>
    <test name="Default test" duration-ms="12934" started-at="2015-08-22T21:38:12Z" finished-at="2015-08-22T21:38:25Z">
      <class name="epol.present.selenium.login_test">
        <test-method status="PASS" signature="init()[pri:0, instance:epol.present.selenium.login_test@7dc36524]" name="init" is-config="true" duration-ms="5272" started-at="2015-08-23T00:38:12Z" finished-at="2015-08-23T00:38:17Z">
          <reporter-output>
          </reporter-output>
        </test-method> <!-- init -->
        <test-method status="PASS" signature="testUntitled()[pri:0, instance:epol.present.selenium.login_test@7dc36524]" name="testUntitled" duration-ms="7637" started-at="2015-08-23T00:38:17Z" finished-at="2015-08-23T00:38:25Z">
          <reporter-output>
          </reporter-output>
        </test-method> <!-- testUntitled -->
        <test-method status="PASS" signature="tearDown()[pri:0, instance:epol.present.selenium.login_test@7dc36524]" name="tearDown" is-config="true" duration-ms="830" started-at="2015-08-23T00:38:25Z" finished-at="2015-08-23T00:38:26Z">
          <reporter-output>
          </reporter-output>
        </test-method> <!-- tearDown -->
      </class> <!-- epol.present.selenium.login_test -->
    </test> <!-- Default test -->
  </suite> <!-- Default suite -->
</testng-results>
